<?xml version="1.0" encoding="UTF-8"?>
<testsuite xmlns:xsi="http://www.w3.org/2001/XMLSchema-instance" xsi:noNamespaceSchemaLocation="https://maven.apache.org/surefire/maven-surefire-plugin/xsd/surefire-test-report-3.0.xsd" version="3.0" name="fr.univavignon.pokedex.api.IPokedexTest" time="0.001" tests="5" errors="0" skipped="0" failures="0">
  <properties>
    <property name="sun.desktop" value="windows"/>
    <property name="awt.toolkit" value="sun.awt.windows.WToolkit"/>
    <property name="file.encoding.pkg" value="sun.io"/>
    <property name="java.specification.version" value="1.8"/>
    <property name="sun.cpu.isalist" value="amd64"/>
    <property name="sun.jnu.encoding" value="Cp1252"/>
    <property name="java.class.path" value="C:\Users\AbdelouahedKANOUNI\IdeaProjects\ceri-m1-techniques-de-test\target\test-classes;C:\Users\AbdelouahedKANOUNI\IdeaProjects\ceri-m1-techniques-de-test\target\classes;C:\Users\AbdelouahedKANOUNI\.m2\repository\junit\junit\4.13.2\junit-4.13.2.jar;C:\Users\AbdelouahedKANOUNI\.m2\repository\org\hamcrest\hamcrest-core\1.3\hamcrest-core-1.3.jar;C:\Users\AbdelouahedKANOUNI\.m2\repository\org\mockito\mockito-core\3.11.2\mockito-core-3.11.2.jar;C:\Users\AbdelouahedKANOUNI\.m2\repository\net\bytebuddy\byte-buddy\1.11.3\byte-buddy-1.11.3.jar;C:\Users\AbdelouahedKANOUNI\.m2\repository\net\bytebuddy\byte-buddy-agent\1.11.3\byte-buddy-agent-1.11.3.jar;C:\Users\AbdelouahedKANOUNI\.m2\repository\org\objenesis\objenesis\3.2\objenesis-3.2.jar;"/>
    <property name="java.vm.vendor" value="Amazon.com Inc."/>
    <property name="sun.arch.data.model" value="64"/>
    <property name="user.variant" value=""/>
    <property name="java.vendor.url" value="https://aws.amazon.com/corretto/"/>
    <property name="user.timezone" value="Europe/Paris"/>
    <property name="java.vm.specification.version" value="1.8"/>
    <property name="os.name" value="Windows 11"/>
    <property name="user.country" value="FR"/>
    <property name="sun.java.launcher" value="SUN_STANDARD"/>
    <property name="sun.boot.library.path" value="C:\Users\AbdelouahedKANOUNI\.jdks\corretto-1.8.0_402\jre\bin"/>
    <property name="sun.java.command" value="C:\Users\AbdelouahedKANOUNI\AppData\Local\Temp\surefire123553477532623515\surefirebooter-20240305113656871_3.jar C:\Users\AbdelouahedKANOUNI\AppData\Local\Temp\surefire123553477532623515 2024-03-05T11-36-55_280-jvmRun1 surefire-20240305113656871_1tmp surefire_0-20240305113656871_2tmp"/>
    <property name="surefire.test.class.path" value="C:\Users\AbdelouahedKANOUNI\IdeaProjects\ceri-m1-techniques-de-test\target\test-classes;C:\Users\AbdelouahedKANOUNI\IdeaProjects\ceri-m1-techniques-de-test\target\classes;C:\Users\AbdelouahedKANOUNI\.m2\repository\junit\junit\4.13.2\junit-4.13.2.jar;C:\Users\AbdelouahedKANOUNI\.m2\repository\org\hamcrest\hamcrest-core\1.3\hamcrest-core-1.3.jar;C:\Users\AbdelouahedKANOUNI\.m2\repository\org\mockito\mockito-core\3.11.2\mockito-core-3.11.2.jar;C:\Users\AbdelouahedKANOUNI\.m2\repository\net\bytebuddy\byte-buddy\1.11.3\byte-buddy-1.11.3.jar;C:\Users\AbdelouahedKANOUNI\.m2\repository\net\bytebuddy\byte-buddy-agent\1.11.3\byte-buddy-agent-1.11.3.jar;C:\Users\AbdelouahedKANOUNI\.m2\repository\org\objenesis\objenesis\3.2\objenesis-3.2.jar;"/>
    <property name="sun.cpu.endian" value="little"/>
    <property name="user.home" value="C:\Users\AbdelouahedKANOUNI"/>
    <property name="user.language" value="fr"/>
    <property name="java.specification.vendor" value="Oracle Corporation"/>
    <property name="java.home" value="C:\Users\AbdelouahedKANOUNI\.jdks\corretto-1.8.0_402\jre"/>
    <property name="basedir" value="C:\Users\AbdelouahedKANOUNI\IdeaProjects\ceri-m1-techniques-de-test"/>
    <property name="file.separator" value="\"/>
    <property name="line.separator" value="&#10;"/>
    <property name="java.vm.specification.vendor" value="Oracle Corporation"/>
    <property name="java.specification.name" value="Java Platform API Specification"/>
    <property name="java.awt.graphicsenv" value="sun.awt.Win32GraphicsEnvironment"/>
    <property name="surefire.real.class.path" value="C:\Users\AbdelouahedKANOUNI\AppData\Local\Temp\surefire123553477532623515\surefirebooter-20240305113656871_3.jar"/>
    <property name="sun.boot.class.path" value="C:\Users\AbdelouahedKANOUNI\.jdks\corretto-1.8.0_402\jre\lib\resources.jar;C:\Users\AbdelouahedKANOUNI\.jdks\corretto-1.8.0_402\jre\lib\rt.jar;C:\Users\AbdelouahedKANOUNI\.jdks\corretto-1.8.0_402\jre\lib\sunrsasign.jar;C:\Users\AbdelouahedKANOUNI\.jdks\corretto-1.8.0_402\jre\lib\jsse.jar;C:\Users\AbdelouahedKANOUNI\.jdks\corretto-1.8.0_402\jre\lib\jce.jar;C:\Users\AbdelouahedKANOUNI\.jdks\corretto-1.8.0_402\jre\lib\charsets.jar;C:\Users\AbdelouahedKANOUNI\.jdks\corretto-1.8.0_402\jre\lib\jfr.jar;C:\Users\AbdelouahedKANOUNI\.jdks\corretto-1.8.0_402\jre\classes"/>
    <property name="user.script" value=""/>
    <property name="sun.management.compiler" value="HotSpot 64-Bit Tiered Compilers"/>
    <property name="java.runtime.version" value="1.8.0_402-b08"/>
    <property name="user.name" value="AbdelouahedKANOUNI"/>
    <property name="path.separator" value=";"/>
    <property name="os.version" value="10.0"/>
    <property name="java.endorsed.dirs" value="C:\Users\AbdelouahedKANOUNI\.jdks\corretto-1.8.0_402\jre\lib\endorsed"/>
    <property name="java.runtime.name" value="OpenJDK Runtime Environment"/>
    <property name="file.encoding" value="Cp1252"/>
    <property name="java.vm.name" value="OpenJDK 64-Bit Server VM"/>
    <property name="localRepository" value="C:\Users\AbdelouahedKANOUNI\.m2\repository"/>
    <property name="java.vendor.url.bug" value="https://github.com/corretto/corretto-8/issues/"/>
    <property name="java.io.tmpdir" value="C:\Users\ABDELO~1\AppData\Local\Temp\"/>
    <property name="idea.version" value="2022.2.3"/>
    <property name="java.version" value="1.8.0_402"/>
    <property name="user.dir" value="C:\Users\AbdelouahedKANOUNI\IdeaProjects\ceri-m1-techniques-de-test"/>
    <property name="os.arch" value="amd64"/>
    <property name="java.vm.specification.name" value="Java Virtual Machine Specification"/>
    <property name="java.awt.printerjob" value="sun.awt.windows.WPrinterJob"/>
    <property name="sun.os.patch.level" value=""/>
    <property name="java.library.path" value="C:\Users\AbdelouahedKANOUNI\.jdks\corretto-1.8.0_402\jre\bin;C:\WINDOWS\Sun\Java\bin;C:\WINDOWS\system32;C:\WINDOWS;C:\Program Files (x86)\Common Files\Oracle\Java\javapath;C:\Program Files\Common Files\Oracle\Java\javapath;C:\WINDOWS\system32;C:\WINDOWS;C:\WINDOWS\System32\Wbem;C:\WINDOWS\System32\WindowsPowerShell\v1.0\;C:\WINDOWS\System32\OpenSSH\;C:\Program Files\Git\cmd;C:\Program Files\nodejs\;C:\Program Files\dotnet\;C:\Program Files\Docker\Docker\resources\bin;C:\ProgramData\chocolatey\bin;;C:\Program Files\ZeroC\Ice-3.7.10\bin;C:\Users\AbdelouahedKANOUNI\AppData\Local\Android\Sdk\platform-tools;C:\Users\AbdelouahedKANOUNI\AppData\Local\Android\Sdk\tools;C:\Users\AbdelouahedKANOUNI\AppData\Local\Programs\Python\Launcher\;C:\Program Files\CodeBlocks\MinGW\bin;C:\Users\AbdelouahedKANOUNI\AppData\Local\Programs\Microsoft VS Code\bin;C:\Users\AbdelouahedKANOUNI\AppData\Roaming\npm;C:\src\flutter\flutter\bin;C:\Program Files\MongoDB\mongosh-2.1.1-win32-x64\bin;;."/>
    <property name="java.vm.info" value="mixed mode"/>
    <property name="java.vendor" value="Amazon.com Inc."/>
    <property name="java.vm.version" value="25.402-b08"/>
    <property name="java.specification.maintenance.version" value="5"/>
    <property name="java.ext.dirs" value="C:\Users\AbdelouahedKANOUNI\.jdks\corretto-1.8.0_402\jre\lib\ext;C:\WINDOWS\Sun\Java\lib\ext"/>
    <property name="sun.io.unicode.encoding" value="UnicodeLittle"/>
    <property name="java.class.version" value="52.0"/>
  </properties>
  <testcase name="testSize" classname="fr.univavignon.pokedex.api.IPokedexTest" time="0.0"/>
  <testcase name="testGetPokemon" classname="fr.univavignon.pokedex.api.IPokedexTest" time="0.0"/>
  <testcase name="testAddPokemon" classname="fr.univavignon.pokedex.api.IPokedexTest" time="0.0"/>
  <testcase name="testGetPokemonsWithComparator" classname="fr.univavignon.pokedex.api.IPokedexTest" time="0.001"/>
  <testcase name="testGetPokemons" classname="fr.univavignon.pokedex.api.IPokedexTest" time="0.0"/>
</testsuite>